<?xml version="1.0" encoding="UTF-8" ?>
<testsuite failures="0" time="2.433" errors="0" skipped="0" tests="9" name="com.wedding.domain.RsvpIntegrationTest">
  <properties>
[...]
</properties>
  <testcase time="2.036" classname="com.wedding.domain.RsvpIntegrationTest" name="testMarkerMethod"/>
  <testcase time="0.279" classname="com.wedding.domain.RsvpIntegrationTest" name="testCountRsvps"/>
  <testcase time="0.02" classname="com.wedding.domain.RsvpIntegrationTest" name="testFindRsvp"/>
  <testcase time="0.017" classname="com.wedding.domain.RsvpIntegrationTest" name="testFindAllRsvps"/>
  <testcase time="0.01" classname="com.wedding.domain.RsvpIntegrationTest" name="testFindRsvpEntries"/>
  <testcase time="0.012" classname="com.wedding.domain.RsvpIntegrationTest" name="testFlush"/>
  <testcase time="0.01" classname="com.wedding.domain.RsvpIntegrationTest" name="testMerge"/>
  <testcase time="0.007" classname="com.wedding.domain.RsvpIntegrationTest" name="testPersist"/>
  <testcase time="0.01" classname="com.wedding.domain.RsvpIntegrationTest" name="testRemove"/>
</testsuite>