<?xml version="1.0" encoding="UTF-8" ?>
<testsuite failures="0" time="2.234" errors="0" skipped="0" tests="9" name="com.wedding.domain.RsvpIntegrationTest">
  <properties>
[...]
</properties>
  <testcase time="1.805" classname="com.wedding.domain.RsvpIntegrationTest" name="testMarkerMethod"/>
  <testcase time="0.278" classname="com.wedding.domain.RsvpIntegrationTest" name="testCountRsvps"/>
  <testcase time="0.013" classname="com.wedding.domain.RsvpIntegrationTest" name="testFindRsvp"/>
  <testcase time="0.029" classname="com.wedding.domain.RsvpIntegrationTest" name="testFindAllRsvps"/>
  <testcase time="0.008" classname="com.wedding.domain.RsvpIntegrationTest" name="testFindRsvpEntries"/>
  <testcase time="0.012" classname="com.wedding.domain.RsvpIntegrationTest" name="testFlush"/>
  <testcase time="0.01" classname="com.wedding.domain.RsvpIntegrationTest" name="testMerge"/>
  <testcase time="0.006" classname="com.wedding.domain.RsvpIntegrationTest" name="testPersist"/>
  <testcase time="0.011" classname="com.wedding.domain.RsvpIntegrationTest" name="testRemove"/>
</testsuite>